<?xml version="1.0" encoding="UTF-8"?>
<testsuite name="test suite4"
           tests="6"
           failures="4"
           errors="0"
           skipped="0"
           time="66.912">
    <properties></properties>

            <testcase
                name="emptyCart"
                time="10.149"
                classname="test.ProductAddToCartTest">

            <failure type="org.openqa.selenium.WebDriverException" message="unknown error: cannot determine loading status
from unknown error: cannot determine loading status
from unknown error: unexpected command response
  (Session info: chrome=103.0.5060.53)
Build info: version: &apos;4.0.0&apos;, revision: &apos;3a21814679&apos;
System info: host: &apos;DESKTOP-FHIH26K&apos;, ip: &apos;10.0.0.209&apos;, os.name: &apos;Windows 10&apos;, os.arch: &apos;amd64&apos;, os.version: &apos;10.0&apos;, java.version: &apos;1.8.0_202&apos;
Driver info: org.openqa.selenium.chrome.ChromeDriver
Command: [c16ad30b14d976d54c3611251fbdcb56, clickElement {id=09346c05-66b0-4fec-ac8d-e298ec135b84}]
Capabilities {acceptInsecureCerts: false, browserName: chrome, browserVersion: 103.0.5060.53, chrome: {chromedriverVersion: 103.0.5060.53 (a1711811edd7..., userDataDir: C:\Users\nabil\AppData\Loca...}, goog:chromeOptions: {debuggerAddress: localhost:63894}, javascriptEnabled: true, networkConnectionEnabled: false, pageLoadStrategy: normal, platform: WINDOWS, platformName: WINDOWS, proxy: Proxy(), se:cdp: ws://localhost:63894/devtoo..., se:cdpVersion: 103.0.5060.53, setWindowRect: true, strictFileInteractability: false, timeouts: {implicit: 0, pageLoad: 300000, script: 30000}, unhandledPromptBehavior: dismiss and notify, webauthn:extension:credBlob: true, webauthn:extension:largeBlob: true, webauthn:virtualAuthenticators: true}
Element: [[ChromeDriver: chrome on WINDOWS (c16ad30b14d976d54c3611251fbdcb56)] -&gt; xpath: //*[@id=&quot;shopify-section-cart&quot;]/section/form/table/tbody/tr/td[1]/a[2]]
Session ID: c16ad30b14d976d54c3611251fbdcb56">
                <![CDATA[org.openqa.selenium.WebDriverException: unknown error: cannot determine loading status
from unknown error: cannot determine loading status
from unknown error: unexpected command response
  (Session info: chrome=103.0.5060.53)
Build info: version: '4.0.0', revision: '3a21814679'
System info: host: 'DESKTOP-FHIH26K', ip: '10.0.0.209', os.name: 'Windows 10', os.arch: 'amd64', os.version: '10.0', java.version: '1.8.0_202'
Driver info: org.openqa.selenium.chrome.ChromeDriver
Command: [c16ad30b14d976d54c3611251fbdcb56, clickElement {id=09346c05-66b0-4fec-ac8d-e298ec135b84}]
Capabilities {acceptInsecureCerts: false, browserName: chrome, browserVersion: 103.0.5060.53, chrome: {chromedriverVersion: 103.0.5060.53 (a1711811edd7..., userDataDir: C:\Users\nabil\AppData\Loca...}, goog:chromeOptions: {debuggerAddress: localhost:63894}, javascriptEnabled: true, networkConnectionEnabled: false, pageLoadStrategy: normal, platform: WINDOWS, platformName: WINDOWS, proxy: Proxy(), se:cdp: ws://localhost:63894/devtoo..., se:cdpVersion: 103.0.5060.53, setWindowRect: true, strictFileInteractability: false, timeouts: {implicit: 0, pageLoad: 300000, script: 30000}, unhandledPromptBehavior: dismiss and notify, webauthn:extension:credBlob: true, webauthn:extension:largeBlob: true, webauthn:virtualAuthenticators: true}
Element: [[ChromeDriver: chrome on WINDOWS (c16ad30b14d976d54c3611251fbdcb56)] -> xpath: //*[@id="shopify-section-cart"]/section/form/table/tbody/tr/td[1]/a[2]]
Session ID: c16ad30b14d976d54c3611251fbdcb56
                sun.reflect.NativeConstructorAccessorImpl.newInstance0(Native Method)sun.reflect.NativeConstructorAccessorImpl.newInstance(NativeConstructorAccessorImpl.java:62)sun.reflect.DelegatingConstructorAccessorImpl.newInstance(DelegatingConstructorAccessorImpl.java:45)java.lang.reflect.Constructor.newInstance(Constructor.java:423)org.openqa.selenium.remote.codec.w3c.W3CHttpResponseCodec.createException(W3CHttpResponseCodec.java:200)org.openqa.selenium.remote.codec.w3c.W3CHttpResponseCodec.decode(W3CHttpResponseCodec.java:133)org.openqa.selenium.remote.codec.w3c.W3CHttpResponseCodec.decode(W3CHttpResponseCodec.java:53)org.openqa.selenium.remote.HttpCommandExecutor.execute(HttpCommandExecutor.java:184)org.openqa.selenium.remote.service.DriverCommandExecutor.invokeExecute(DriverCommandExecutor.java:164)org.openqa.selenium.remote.service.DriverCommandExecutor.execute(DriverCommandExecutor.java:139)org.openqa.selenium.remote.RemoteWebDriver.execute(RemoteWebDriver.java:559)org.openqa.selenium.remote.RemoteWebElement.execute(RemoteWebElement.java:251)org.openqa.selenium.remote.RemoteWebElement.click(RemoteWebElement.java:77)pages.CheckCartProduct.removeProduct(CheckCartProduct.java:30)test.ProductAddToCartTest.emptyCart(ProductAddToCartTest.java:150)sun.reflect.NativeMethodAccessorImpl.invoke0(Native Method)sun.reflect.NativeMethodAccessorImpl.invoke(NativeMethodAccessorImpl.java:62)sun.reflect.DelegatingMethodAccessorImpl.invoke(DelegatingMethodAccessorImpl.java:43)java.lang.reflect.Method.invoke(Method.java:498)org.testng.internal.MethodInvocationHelper.invokeMethod(MethodInvocationHelper.java:124)org.testng.internal.Invoker.invokeMethod(Invoker.java:583)org.testng.internal.Invoker.invokeTestMethod(Invoker.java:719)org.testng.internal.Invoker.invokeTestMethods(Invoker.java:989)org.testng.internal.TestMethodWorker.invokeTestMethods(TestMethodWorker.java:125)org.testng.internal.TestMethodWorker.run(TestMethodWorker.java:109)org.testng.TestRunner.privateRun(TestRunner.java:648)org.testng.TestRunner.run(TestRunner.java:505)org.testng.SuiteRunner.runTest(SuiteRunner.java:455)org.testng.SuiteRunner.runSequentially(SuiteRunner.java:450)org.testng.SuiteRunner.privateRun(SuiteRunner.java:415)org.testng.SuiteRunner.run(SuiteRunner.java:364)org.testng.SuiteRunnerWorker.runSuite(SuiteRunnerWorker.java:52)org.testng.SuiteRunnerWorker.run(SuiteRunnerWorker.java:84)org.testng.TestNG.runSuitesSequentially(TestNG.java:1208)org.testng.TestNG.runSuitesLocally(TestNG.java:1137)org.testng.TestNG.runSuites(TestNG.java:1049)org.testng.TestNG.run(TestNG.java:1017)com.intellij.rt.testng.IDEARemoteTestNG.run(IDEARemoteTestNG.java:66)com.intellij.rt.testng.RemoteTestNGStarter.main(RemoteTestNGStarter.java:109)
]]>
            </failure>
    </testcase>
            <testcase
                name="addProductToCart"
                time="18.268"
                classname="test.ProductAddToCartTest">

            <failure type="org.openqa.selenium.WebDriverException" message="unknown error: unexpected command response
  (Session info: chrome=103.0.5060.53)
Build info: version: &apos;4.0.0&apos;, revision: &apos;3a21814679&apos;
System info: host: &apos;DESKTOP-FHIH26K&apos;, ip: &apos;10.0.0.209&apos;, os.name: &apos;Windows 10&apos;, os.arch: &apos;amd64&apos;, os.version: &apos;10.0&apos;, java.version: &apos;1.8.0_202&apos;
Driver info: org.openqa.selenium.chrome.ChromeDriver
Command: [c16ad30b14d976d54c3611251fbdcb56, clickElement {id=661e041a-2957-4e17-992e-9bf5df3af4cb}]
Capabilities {acceptInsecureCerts: false, browserName: chrome, browserVersion: 103.0.5060.53, chrome: {chromedriverVersion: 103.0.5060.53 (a1711811edd7..., userDataDir: C:\Users\nabil\AppData\Loca...}, goog:chromeOptions: {debuggerAddress: localhost:63894}, javascriptEnabled: true, networkConnectionEnabled: false, pageLoadStrategy: normal, platform: WINDOWS, platformName: WINDOWS, proxy: Proxy(), se:cdp: ws://localhost:63894/devtoo..., se:cdpVersion: 103.0.5060.53, setWindowRect: true, strictFileInteractability: false, timeouts: {implicit: 0, pageLoad: 300000, script: 30000}, unhandledPromptBehavior: dismiss and notify, webauthn:extension:credBlob: true, webauthn:extension:largeBlob: true, webauthn:virtualAuthenticators: true}
Element: [[ChromeDriver: chrome on WINDOWS (c16ad30b14d976d54c3611251fbdcb56)] -&gt; xpath: //*[@id=&quot;bcpo-select-option-0&quot;]/div[1]/label]
Session ID: c16ad30b14d976d54c3611251fbdcb56">
                <![CDATA[org.openqa.selenium.WebDriverException: unknown error: unexpected command response
  (Session info: chrome=103.0.5060.53)
Build info: version: '4.0.0', revision: '3a21814679'
System info: host: 'DESKTOP-FHIH26K', ip: '10.0.0.209', os.name: 'Windows 10', os.arch: 'amd64', os.version: '10.0', java.version: '1.8.0_202'
Driver info: org.openqa.selenium.chrome.ChromeDriver
Command: [c16ad30b14d976d54c3611251fbdcb56, clickElement {id=661e041a-2957-4e17-992e-9bf5df3af4cb}]
Capabilities {acceptInsecureCerts: false, browserName: chrome, browserVersion: 103.0.5060.53, chrome: {chromedriverVersion: 103.0.5060.53 (a1711811edd7..., userDataDir: C:\Users\nabil\AppData\Loca...}, goog:chromeOptions: {debuggerAddress: localhost:63894}, javascriptEnabled: true, networkConnectionEnabled: false, pageLoadStrategy: normal, platform: WINDOWS, platformName: WINDOWS, proxy: Proxy(), se:cdp: ws://localhost:63894/devtoo..., se:cdpVersion: 103.0.5060.53, setWindowRect: true, strictFileInteractability: false, timeouts: {implicit: 0, pageLoad: 300000, script: 30000}, unhandledPromptBehavior: dismiss and notify, webauthn:extension:credBlob: true, webauthn:extension:largeBlob: true, webauthn:virtualAuthenticators: true}
Element: [[ChromeDriver: chrome on WINDOWS (c16ad30b14d976d54c3611251fbdcb56)] -> xpath: //*[@id="bcpo-select-option-0"]/div[1]/label]
Session ID: c16ad30b14d976d54c3611251fbdcb56
                sun.reflect.NativeConstructorAccessorImpl.newInstance0(Native Method)sun.reflect.NativeConstructorAccessorImpl.newInstance(NativeConstructorAccessorImpl.java:62)sun.reflect.DelegatingConstructorAccessorImpl.newInstance(DelegatingConstructorAccessorImpl.java:45)java.lang.reflect.Constructor.newInstance(Constructor.java:423)org.openqa.selenium.remote.codec.w3c.W3CHttpResponseCodec.createException(W3CHttpResponseCodec.java:200)org.openqa.selenium.remote.codec.w3c.W3CHttpResponseCodec.decode(W3CHttpResponseCodec.java:133)org.openqa.selenium.remote.codec.w3c.W3CHttpResponseCodec.decode(W3CHttpResponseCodec.java:53)org.openqa.selenium.remote.HttpCommandExecutor.execute(HttpCommandExecutor.java:184)org.openqa.selenium.remote.service.DriverCommandExecutor.invokeExecute(DriverCommandExecutor.java:164)org.openqa.selenium.remote.service.DriverCommandExecutor.execute(DriverCommandExecutor.java:139)org.openqa.selenium.remote.RemoteWebDriver.execute(RemoteWebDriver.java:559)org.openqa.selenium.remote.RemoteWebElement.execute(RemoteWebElement.java:251)org.openqa.selenium.remote.RemoteWebElement.click(RemoteWebElement.java:77)pages.AddToCart.selectSize(AddToCart.java:45)test.ProductAddToCartTest.addProductToCart(ProductAddToCartTest.java:86)sun.reflect.NativeMethodAccessorImpl.invoke0(Native Method)sun.reflect.NativeMethodAccessorImpl.invoke(NativeMethodAccessorImpl.java:62)sun.reflect.DelegatingMethodAccessorImpl.invoke(DelegatingMethodAccessorImpl.java:43)java.lang.reflect.Method.invoke(Method.java:498)org.testng.internal.MethodInvocationHelper.invokeMethod(MethodInvocationHelper.java:124)org.testng.internal.Invoker.invokeMethod(Invoker.java:583)org.testng.internal.Invoker.invokeTestMethod(Invoker.java:719)org.testng.internal.Invoker.invokeTestMethods(Invoker.java:989)org.testng.internal.TestMethodWorker.invokeTestMethods(TestMethodWorker.java:125)org.testng.internal.TestMethodWorker.run(TestMethodWorker.java:109)org.testng.TestRunner.privateRun(TestRunner.java:648)org.testng.TestRunner.run(TestRunner.java:505)org.testng.SuiteRunner.runTest(SuiteRunner.java:455)org.testng.SuiteRunner.runSequentially(SuiteRunner.java:450)org.testng.SuiteRunner.privateRun(SuiteRunner.java:415)org.testng.SuiteRunner.run(SuiteRunner.java:364)org.testng.SuiteRunnerWorker.runSuite(SuiteRunnerWorker.java:52)org.testng.SuiteRunnerWorker.run(SuiteRunnerWorker.java:84)org.testng.TestNG.runSuitesSequentially(TestNG.java:1208)org.testng.TestNG.runSuitesLocally(TestNG.java:1137)org.testng.TestNG.runSuites(TestNG.java:1049)org.testng.TestNG.run(TestNG.java:1017)com.intellij.rt.testng.IDEARemoteTestNG.run(IDEARemoteTestNG.java:66)com.intellij.rt.testng.RemoteTestNGStarter.main(RemoteTestNGStarter.java:109)
]]>
            </failure>
    </testcase>
            <testcase
                name="addedToCartQuantityCheck"
                time="15.616"
                classname="test.ProductAddToCartTest">

            <failure type="org.openqa.selenium.WebDriverException" message="unknown error: cannot determine loading status
from unknown error: unexpected command response
  (Session info: chrome=103.0.5060.53)
Build info: version: &apos;4.0.0&apos;, revision: &apos;3a21814679&apos;
System info: host: &apos;DESKTOP-FHIH26K&apos;, ip: &apos;10.0.0.209&apos;, os.name: &apos;Windows 10&apos;, os.arch: &apos;amd64&apos;, os.version: &apos;10.0&apos;, java.version: &apos;1.8.0_202&apos;
Driver info: org.openqa.selenium.chrome.ChromeDriver
Command: [c16ad30b14d976d54c3611251fbdcb56, findElement {using=id, value=updates_30882862858293}]
Capabilities {acceptInsecureCerts: false, browserName: chrome, browserVersion: 103.0.5060.53, chrome: {chromedriverVersion: 103.0.5060.53 (a1711811edd7..., userDataDir: C:\Users\nabil\AppData\Loca...}, goog:chromeOptions: {debuggerAddress: localhost:63894}, javascriptEnabled: true, networkConnectionEnabled: false, pageLoadStrategy: normal, platform: WINDOWS, platformName: WINDOWS, proxy: Proxy(), se:cdp: ws://localhost:63894/devtoo..., se:cdpVersion: 103.0.5060.53, setWindowRect: true, strictFileInteractability: false, timeouts: {implicit: 0, pageLoad: 300000, script: 30000}, unhandledPromptBehavior: dismiss and notify, webauthn:extension:credBlob: true, webauthn:extension:largeBlob: true, webauthn:virtualAuthenticators: true}
Session ID: c16ad30b14d976d54c3611251fbdcb56">
                <![CDATA[org.openqa.selenium.WebDriverException: unknown error: cannot determine loading status
from unknown error: unexpected command response
  (Session info: chrome=103.0.5060.53)
Build info: version: '4.0.0', revision: '3a21814679'
System info: host: 'DESKTOP-FHIH26K', ip: '10.0.0.209', os.name: 'Windows 10', os.arch: 'amd64', os.version: '10.0', java.version: '1.8.0_202'
Driver info: org.openqa.selenium.chrome.ChromeDriver
Command: [c16ad30b14d976d54c3611251fbdcb56, findElement {using=id, value=updates_30882862858293}]
Capabilities {acceptInsecureCerts: false, browserName: chrome, browserVersion: 103.0.5060.53, chrome: {chromedriverVersion: 103.0.5060.53 (a1711811edd7..., userDataDir: C:\Users\nabil\AppData\Loca...}, goog:chromeOptions: {debuggerAddress: localhost:63894}, javascriptEnabled: true, networkConnectionEnabled: false, pageLoadStrategy: normal, platform: WINDOWS, platformName: WINDOWS, proxy: Proxy(), se:cdp: ws://localhost:63894/devtoo..., se:cdpVersion: 103.0.5060.53, setWindowRect: true, strictFileInteractability: false, timeouts: {implicit: 0, pageLoad: 300000, script: 30000}, unhandledPromptBehavior: dismiss and notify, webauthn:extension:credBlob: true, webauthn:extension:largeBlob: true, webauthn:virtualAuthenticators: true}
Session ID: c16ad30b14d976d54c3611251fbdcb56
                sun.reflect.NativeConstructorAccessorImpl.newInstance0(Native Method)sun.reflect.NativeConstructorAccessorImpl.newInstance(NativeConstructorAccessorImpl.java:62)sun.reflect.DelegatingConstructorAccessorImpl.newInstance(DelegatingConstructorAccessorImpl.java:45)java.lang.reflect.Constructor.newInstance(Constructor.java:423)org.openqa.selenium.remote.codec.w3c.W3CHttpResponseCodec.createException(W3CHttpResponseCodec.java:200)org.openqa.selenium.remote.codec.w3c.W3CHttpResponseCodec.decode(W3CHttpResponseCodec.java:133)org.openqa.selenium.remote.codec.w3c.W3CHttpResponseCodec.decode(W3CHttpResponseCodec.java:53)org.openqa.selenium.remote.HttpCommandExecutor.execute(HttpCommandExecutor.java:184)org.openqa.selenium.remote.service.DriverCommandExecutor.invokeExecute(DriverCommandExecutor.java:164)org.openqa.selenium.remote.service.DriverCommandExecutor.execute(DriverCommandExecutor.java:139)org.openqa.selenium.remote.RemoteWebDriver.execute(RemoteWebDriver.java:559)org.openqa.selenium.remote.ElementLocation$ElementFinder$2.findElement(ElementLocation.java:162)org.openqa.selenium.remote.ElementLocation.findElement(ElementLocation.java:60)org.openqa.selenium.remote.RemoteWebDriver.findElement(RemoteWebDriver.java:383)org.openqa.selenium.remote.RemoteWebDriver.findElement(RemoteWebDriver.java:375)pages.AddToCart.changeProductQuantity(AddToCart.java:84)test.ProductAddToCartTest.addedToCartQuantityCheck(ProductAddToCartTest.java:123)sun.reflect.NativeMethodAccessorImpl.invoke0(Native Method)sun.reflect.NativeMethodAccessorImpl.invoke(NativeMethodAccessorImpl.java:62)sun.reflect.DelegatingMethodAccessorImpl.invoke(DelegatingMethodAccessorImpl.java:43)java.lang.reflect.Method.invoke(Method.java:498)org.testng.internal.MethodInvocationHelper.invokeMethod(MethodInvocationHelper.java:124)org.testng.internal.Invoker.invokeMethod(Invoker.java:583)org.testng.internal.Invoker.invokeTestMethod(Invoker.java:719)org.testng.internal.Invoker.invokeTestMethods(Invoker.java:989)org.testng.internal.TestMethodWorker.invokeTestMethods(TestMethodWorker.java:125)org.testng.internal.TestMethodWorker.run(TestMethodWorker.java:109)org.testng.TestRunner.privateRun(TestRunner.java:648)org.testng.TestRunner.run(TestRunner.java:505)org.testng.SuiteRunner.runTest(SuiteRunner.java:455)org.testng.SuiteRunner.runSequentially(SuiteRunner.java:450)org.testng.SuiteRunner.privateRun(SuiteRunner.java:415)org.testng.SuiteRunner.run(SuiteRunner.java:364)org.testng.SuiteRunnerWorker.runSuite(SuiteRunnerWorker.java:52)org.testng.SuiteRunnerWorker.run(SuiteRunnerWorker.java:84)org.testng.TestNG.runSuitesSequentially(TestNG.java:1208)org.testng.TestNG.runSuitesLocally(TestNG.java:1137)org.testng.TestNG.runSuites(TestNG.java:1049)org.testng.TestNG.run(TestNG.java:1017)com.intellij.rt.testng.IDEARemoteTestNG.run(IDEARemoteTestNG.java:66)com.intellij.rt.testng.RemoteTestNGStarter.main(RemoteTestNGStarter.java:109)
]]>
            </failure>
    </testcase>
            <testcase
                name="productsValueEqualsTotalPrice"
                time="7.243"
                classname="test.ProductAddToCartTest">

            <failure type="org.openqa.selenium.WebDriverException" message="unknown error: unexpected command response
  (Session info: chrome=103.0.5060.53)
Build info: version: &apos;4.0.0&apos;, revision: &apos;3a21814679&apos;
System info: host: &apos;DESKTOP-FHIH26K&apos;, ip: &apos;10.0.0.209&apos;, os.name: &apos;Windows 10&apos;, os.arch: &apos;amd64&apos;, os.version: &apos;10.0&apos;, java.version: &apos;1.8.0_202&apos;
Driver info: org.openqa.selenium.chrome.ChromeDriver
Command: [c16ad30b14d976d54c3611251fbdcb56, findElement {using=xpath, value=//*[@id=&apos;shopify-section-cart&apos;]/section/form/table/tbody/tr/td[4]/span/span}]
Capabilities {acceptInsecureCerts: false, browserName: chrome, browserVersion: 103.0.5060.53, chrome: {chromedriverVersion: 103.0.5060.53 (a1711811edd7..., userDataDir: C:\Users\nabil\AppData\Loca...}, goog:chromeOptions: {debuggerAddress: localhost:63894}, javascriptEnabled: true, networkConnectionEnabled: false, pageLoadStrategy: normal, platform: WINDOWS, platformName: WINDOWS, proxy: Proxy(), se:cdp: ws://localhost:63894/devtoo..., se:cdpVersion: 103.0.5060.53, setWindowRect: true, strictFileInteractability: false, timeouts: {implicit: 0, pageLoad: 300000, script: 30000}, unhandledPromptBehavior: dismiss and notify, webauthn:extension:credBlob: true, webauthn:extension:largeBlob: true, webauthn:virtualAuthenticators: true}
Session ID: c16ad30b14d976d54c3611251fbdcb56">
                <![CDATA[org.openqa.selenium.WebDriverException: unknown error: unexpected command response
  (Session info: chrome=103.0.5060.53)
Build info: version: '4.0.0', revision: '3a21814679'
System info: host: 'DESKTOP-FHIH26K', ip: '10.0.0.209', os.name: 'Windows 10', os.arch: 'amd64', os.version: '10.0', java.version: '1.8.0_202'
Driver info: org.openqa.selenium.chrome.ChromeDriver
Command: [c16ad30b14d976d54c3611251fbdcb56, findElement {using=xpath, value=//*[@id='shopify-section-cart']/section/form/table/tbody/tr/td[4]/span/span}]
Capabilities {acceptInsecureCerts: false, browserName: chrome, browserVersion: 103.0.5060.53, chrome: {chromedriverVersion: 103.0.5060.53 (a1711811edd7..., userDataDir: C:\Users\nabil\AppData\Loca...}, goog:chromeOptions: {debuggerAddress: localhost:63894}, javascriptEnabled: true, networkConnectionEnabled: false, pageLoadStrategy: normal, platform: WINDOWS, platformName: WINDOWS, proxy: Proxy(), se:cdp: ws://localhost:63894/devtoo..., se:cdpVersion: 103.0.5060.53, setWindowRect: true, strictFileInteractability: false, timeouts: {implicit: 0, pageLoad: 300000, script: 30000}, unhandledPromptBehavior: dismiss and notify, webauthn:extension:credBlob: true, webauthn:extension:largeBlob: true, webauthn:virtualAuthenticators: true}
Session ID: c16ad30b14d976d54c3611251fbdcb56
                sun.reflect.NativeConstructorAccessorImpl.newInstance0(Native Method)sun.reflect.NativeConstructorAccessorImpl.newInstance(NativeConstructorAccessorImpl.java:62)sun.reflect.DelegatingConstructorAccessorImpl.newInstance(DelegatingConstructorAccessorImpl.java:45)java.lang.reflect.Constructor.newInstance(Constructor.java:423)org.openqa.selenium.remote.codec.w3c.W3CHttpResponseCodec.createException(W3CHttpResponseCodec.java:200)org.openqa.selenium.remote.codec.w3c.W3CHttpResponseCodec.decode(W3CHttpResponseCodec.java:133)org.openqa.selenium.remote.codec.w3c.W3CHttpResponseCodec.decode(W3CHttpResponseCodec.java:53)org.openqa.selenium.remote.HttpCommandExecutor.execute(HttpCommandExecutor.java:184)org.openqa.selenium.remote.service.DriverCommandExecutor.invokeExecute(DriverCommandExecutor.java:164)org.openqa.selenium.remote.service.DriverCommandExecutor.execute(DriverCommandExecutor.java:139)org.openqa.selenium.remote.RemoteWebDriver.execute(RemoteWebDriver.java:559)org.openqa.selenium.remote.ElementLocation$ElementFinder$2.findElement(ElementLocation.java:162)org.openqa.selenium.remote.ElementLocation.findElement(ElementLocation.java:60)org.openqa.selenium.remote.RemoteWebDriver.findElement(RemoteWebDriver.java:383)org.openqa.selenium.remote.RemoteWebDriver.findElement(RemoteWebDriver.java:375)pages.CheckCartProduct.assertTotal(CheckCartProduct.java:27)test.ProductAddToCartTest.productsValueEqualsTotalPrice(ProductAddToCartTest.java:139)sun.reflect.NativeMethodAccessorImpl.invoke0(Native Method)sun.reflect.NativeMethodAccessorImpl.invoke(NativeMethodAccessorImpl.java:62)sun.reflect.DelegatingMethodAccessorImpl.invoke(DelegatingMethodAccessorImpl.java:43)java.lang.reflect.Method.invoke(Method.java:498)org.testng.internal.MethodInvocationHelper.invokeMethod(MethodInvocationHelper.java:124)org.testng.internal.Invoker.invokeMethod(Invoker.java:583)org.testng.internal.Invoker.invokeTestMethod(Invoker.java:719)org.testng.internal.Invoker.invokeTestMethods(Invoker.java:989)org.testng.internal.TestMethodWorker.invokeTestMethods(TestMethodWorker.java:125)org.testng.internal.TestMethodWorker.run(TestMethodWorker.java:109)org.testng.TestRunner.privateRun(TestRunner.java:648)org.testng.TestRunner.run(TestRunner.java:505)org.testng.SuiteRunner.runTest(SuiteRunner.java:455)org.testng.SuiteRunner.runSequentially(SuiteRunner.java:450)org.testng.SuiteRunner.privateRun(SuiteRunner.java:415)org.testng.SuiteRunner.run(SuiteRunner.java:364)org.testng.SuiteRunnerWorker.runSuite(SuiteRunnerWorker.java:52)org.testng.SuiteRunnerWorker.run(SuiteRunnerWorker.java:84)org.testng.TestNG.runSuitesSequentially(TestNG.java:1208)org.testng.TestNG.runSuitesLocally(TestNG.java:1137)org.testng.TestNG.runSuites(TestNG.java:1049)org.testng.TestNG.run(TestNG.java:1017)com.intellij.rt.testng.IDEARemoteTestNG.run(IDEARemoteTestNG.java:66)com.intellij.rt.testng.RemoteTestNGStarter.main(RemoteTestNGStarter.java:109)
]]>
            </failure>
    </testcase>


            <testcase
                name="verifyPrice"
                time="8.769"
                classname="test.ProductAddToCartTest">
            </testcase>
            <testcase
                name="refreshAndCheck"
                time="6.867"
                classname="test.ProductAddToCartTest">
            </testcase>
</testsuite>
